<?xml version="1.0" encoding="UTF-8"?>
<!-- Generated by org.testng.reporters.JUnitXMLReporter -->
<testsuite hostname="QTLSYS0-223" ignored="17" name="Test" tests="1" failures="1" timestamp="12 Jun 2020 15:42:59 GMT" time="86.766" errors="0">
  <testcase name="@AfterMethod getResult" time="0.02" classname="tests.QCStore">
    <failure type="org.openqa.selenium.NoSuchWindowException" message="Unable to get browser (WARNING: The server did not provide any stacktrace information)
Command duration or timeout: 0 milliseconds
Build info: version: &amp;apos;3.14.0&amp;apos;, revision: &amp;apos;aacccce0&amp;apos;, time: &amp;apos;2018-08-02T20:19:58.91Z&amp;apos;
System info: host: &amp;apos;QTLSYS0-223&amp;apos;, ip: &amp;apos;192.168.0.223&amp;apos;, os.name: &amp;apos;Windows 10&amp;apos;, os.arch: &amp;apos;amd64&amp;apos;, os.version: &amp;apos;10.0&amp;apos;, java.version: &amp;apos;1.8.0_171&amp;apos;
Driver info: org.openqa.selenium.ie.InternetExplorerDriver
Capabilities {browserAttachTimeout: 0, browserName: internet explorer, cssSelectorsEnabled: true, elementScrollBehavior: 0, enableElementCacheCleanup: true, enablePersistentHover: true, handlesAlerts: true, ie.browserCommandLineSwitches: , ie.ensureCleanSession: false, ie.forceCreateProcessApi: false, ie.usePerProcessProxy: false, ignoreProtectedModeSettings: false, ignoreZoomSetting: false, initialBrowserUrl: http://localhost:31843/, javascriptEnabled: true, nativeEvents: true, platform: WINDOWS, platformName: WINDOWS, requireWindowFocus: false, takesScreenshot: true, unexpectedAlertBehaviour: dismiss, unhandledPromptBehavior: dismiss, version: 11}
Session ID: 037fbf0d-c1f4-4084-86e8-70dbe7fbbd3d">
      <![CDATA[org.openqa.selenium.NoSuchWindowException: Unable to get browser (WARNING: The server did not provide any stacktrace information)
Command duration or timeout: 0 milliseconds
Build info: version: '3.14.0', revision: 'aacccce0', time: '2018-08-02T20:19:58.91Z'
System info: host: 'QTLSYS0-223', ip: '192.168.0.223', os.name: 'Windows 10', os.arch: 'amd64', os.version: '10.0', java.version: '1.8.0_171'
Driver info: org.openqa.selenium.ie.InternetExplorerDriver
Capabilities {browserAttachTimeout: 0, browserName: internet explorer, cssSelectorsEnabled: true, elementScrollBehavior: 0, enableElementCacheCleanup: true, enablePersistentHover: true, handlesAlerts: true, ie.browserCommandLineSwitches: , ie.ensureCleanSession: false, ie.forceCreateProcessApi: false, ie.usePerProcessProxy: false, ignoreProtectedModeSettings: false, ignoreZoomSetting: false, initialBrowserUrl: http://localhost:31843/, javascriptEnabled: true, nativeEvents: true, platform: WINDOWS, platformName: WINDOWS, requireWindowFocus: false, takesScreenshot: true, unexpectedAlertBehaviour: dismiss, unhandledPromptBehavior: dismiss, version: 11}
Session ID: 037fbf0d-c1f4-4084-86e8-70dbe7fbbd3d
at org.openqa.selenium.remote.ErrorHandler.createThrowable(ErrorHandler.java:214)
at org.openqa.selenium.remote.ErrorHandler.throwIfResponseFailed(ErrorHandler.java:166)
at org.openqa.selenium.remote.http.JsonHttpResponseCodec.reconstructValue(JsonHttpResponseCodec.java:40)
at org.openqa.selenium.remote.http.AbstractHttpResponseCodec.decode(AbstractHttpResponseCodec.java:80)
at org.openqa.selenium.remote.http.AbstractHttpResponseCodec.decode(AbstractHttpResponseCodec.java:44)
at org.openqa.selenium.remote.HttpCommandExecutor.execute(HttpCommandExecutor.java:158)
at org.openqa.selenium.remote.service.DriverCommandExecutor.execute(DriverCommandExecutor.java:83)
at org.openqa.selenium.remote.RemoteWebDriver.execute(RemoteWebDriver.java:548)
at org.openqa.selenium.remote.RemoteWebDriver.execute(RemoteWebDriver.java:605)
at org.openqa.selenium.remote.RemoteWebDriver.getScreenshotAs(RemoteWebDriver.java:294)
at tests.QCStore.getScreenhot(QCStore.java:1413)
at tests.QCStore.getResult(QCStore.java:1429)
... Removed 32 stack frames]]>
    </failure>
  </testcase> <!-- @AfterMethod getResult -->
  <testcase name="Void_Conversion_UsingEncryption" time="86.643" classname="tests.QCStore">
    <failure type="org.openqa.selenium.NoSuchWindowException" message="Unable to get browser (WARNING: The server did not provide any stacktrace information)
Command duration or timeout: 0 milliseconds
Build info: version: &amp;apos;3.14.0&amp;apos;, revision: &amp;apos;aacccce0&amp;apos;, time: &amp;apos;2018-08-02T20:19:58.91Z&amp;apos;
System info: host: &amp;apos;QTLSYS0-223&amp;apos;, ip: &amp;apos;192.168.0.223&amp;apos;, os.name: &amp;apos;Windows 10&amp;apos;, os.arch: &amp;apos;amd64&amp;apos;, os.version: &amp;apos;10.0&amp;apos;, java.version: &amp;apos;1.8.0_171&amp;apos;
Driver info: org.openqa.selenium.ie.InternetExplorerDriver
Capabilities {browserAttachTimeout: 0, browserName: internet explorer, cssSelectorsEnabled: true, elementScrollBehavior: 0, enableElementCacheCleanup: true, enablePersistentHover: true, handlesAlerts: true, ie.browserCommandLineSwitches: , ie.ensureCleanSession: false, ie.forceCreateProcessApi: false, ie.usePerProcessProxy: false, ignoreProtectedModeSettings: false, ignoreZoomSetting: false, initialBrowserUrl: http://localhost:31843/, javascriptEnabled: true, nativeEvents: true, platform: WINDOWS, platformName: WINDOWS, requireWindowFocus: false, takesScreenshot: true, unexpectedAlertBehaviour: dismiss, unhandledPromptBehavior: dismiss, version: 11}
Session ID: 037fbf0d-c1f4-4084-86e8-70dbe7fbbd3d">
      <![CDATA[org.openqa.selenium.NoSuchWindowException: Unable to get browser (WARNING: The server did not provide any stacktrace information)
Command duration or timeout: 0 milliseconds
Build info: version: '3.14.0', revision: 'aacccce0', time: '2018-08-02T20:19:58.91Z'
System info: host: 'QTLSYS0-223', ip: '192.168.0.223', os.name: 'Windows 10', os.arch: 'amd64', os.version: '10.0', java.version: '1.8.0_171'
Driver info: org.openqa.selenium.ie.InternetExplorerDriver
Capabilities {browserAttachTimeout: 0, browserName: internet explorer, cssSelectorsEnabled: true, elementScrollBehavior: 0, enableElementCacheCleanup: true, enablePersistentHover: true, handlesAlerts: true, ie.browserCommandLineSwitches: , ie.ensureCleanSession: false, ie.forceCreateProcessApi: false, ie.usePerProcessProxy: false, ignoreProtectedModeSettings: false, ignoreZoomSetting: false, initialBrowserUrl: http://localhost:31843/, javascriptEnabled: true, nativeEvents: true, platform: WINDOWS, platformName: WINDOWS, requireWindowFocus: false, takesScreenshot: true, unexpectedAlertBehaviour: dismiss, unhandledPromptBehavior: dismiss, version: 11}
Session ID: 037fbf0d-c1f4-4084-86e8-70dbe7fbbd3d
at org.openqa.selenium.remote.ErrorHandler.createThrowable(ErrorHandler.java:214)
at org.openqa.selenium.remote.ErrorHandler.throwIfResponseFailed(ErrorHandler.java:166)
at org.openqa.selenium.remote.http.JsonHttpResponseCodec.reconstructValue(JsonHttpResponseCodec.java:40)
at org.openqa.selenium.remote.http.AbstractHttpResponseCodec.decode(AbstractHttpResponseCodec.java:80)
at org.openqa.selenium.remote.http.AbstractHttpResponseCodec.decode(AbstractHttpResponseCodec.java:44)
at org.openqa.selenium.remote.HttpCommandExecutor.execute(HttpCommandExecutor.java:158)
at org.openqa.selenium.remote.service.DriverCommandExecutor.execute(DriverCommandExecutor.java:83)
at org.openqa.selenium.remote.RemoteWebDriver.execute(RemoteWebDriver.java:548)
at org.openqa.selenium.remote.RemoteWebDriver$RemoteTargetLocator.defaultContent(RemoteWebDriver.java:918)
at tests.QCCSRLoginLogout.logout(QCCSRLoginLogout.java:129)
at tests.QCStore.Void_Conversion_UsingEncryption(QCStore.java:917)
... Removed 29 stack frames]]>
    </failure>
  </testcase> <!-- Void_Conversion_UsingEncryption -->
  <testcase name="TLP_Deposit_Cardonfile" time="0.0" classname="tests.QCStore">
    <ignored/>
  </testcase> <!-- TLP_Deposit_Cardonfile -->
  <testcase name="Txn8_Recon_ILP_EARNED_FEE_Variance" time="0.0" classname="tests.QCStore">
    <ignored/>
  </testcase> <!-- Txn8_Recon_ILP_EARNED_FEE_Variance -->
  <testcase name="TXPDL_LateFee_ACHDeposit" time="0.0" classname="tests.QCStore">
    <ignored/>
  </testcase> <!-- TXPDL_LateFee_ACHDeposit -->
  <testcase name="ILP_Default_ChargeBack" time="0.0" classname="tests.QCStore">
    <ignored/>
  </testcase> <!-- ILP_Default_ChargeBack -->
  <testcase name="Txn5_WriteOff" time="0.0" classname="tests.QCStore">
    <ignored/>
  </testcase> <!-- Txn5_WriteOff -->
  <testcase name="TXPDL_LateFee_ACHBuyback" time="0.0" classname="tests.QCStore">
    <ignored/>
  </testcase> <!-- TXPDL_LateFee_ACHBuyback -->
  <testcase name="TXPDL_LateFee_waiveLateFee_Buyback" time="0.0" classname="tests.QCStore">
    <ignored/>
  </testcase> <!-- TXPDL_LateFee_waiveLateFee_Buyback -->
  <testcase name="TXPDL_LateFee_DCDeposit_Rtrn" time="0.0" classname="tests.QCStore">
    <ignored/>
  </testcase> <!-- TXPDL_LateFee_DCDeposit_Rtrn -->
  <testcase name="Txn1_Recon_ILP_Debit_Card_Variance_scenario" time="0.0" classname="tests.QCStore">
    <ignored/>
  </testcase> <!-- Txn1_Recon_ILP_Debit_Card_Variance_scenario -->
  <testcase name="ILP_ManualDefault_ChargeBack" time="0.0" classname="tests.QCStore">
    <ignored/>
  </testcase> <!-- ILP_ManualDefault_ChargeBack -->
  <testcase name="DC_EPP_ChargeBack" time="0.0" classname="tests.QCStore">
    <ignored/>
  </testcase> <!-- DC_EPP_ChargeBack -->
  <testcase name="ILP_Manualdefault_Returnposting" time="0.0" classname="tests.QCStore">
    <ignored/>
  </testcase> <!-- ILP_Manualdefault_Returnposting -->
  <testcase name="Txn11_EPP" time="0.0" classname="tests.QCStore">
    <ignored/>
  </testcase> <!-- Txn11_EPP -->
  <testcase name="TXPDL_LateFee_waiveLateFee_ACHBuyback" time="0.0" classname="tests.QCStore">
    <ignored/>
  </testcase> <!-- TXPDL_LateFee_waiveLateFee_ACHBuyback -->
  <testcase name="Txn3_4_Reverse_and_Reallocation" time="0.0" classname="tests.QCStore">
    <ignored/>
  </testcase> <!-- Txn3_4_Reverse_and_Reallocation -->
  <testcase name="Txn6_Recon_CashRoll" time="0.0" classname="tests.QCStore">
    <ignored/>
  </testcase> <!-- Txn6_Recon_CashRoll -->
  <testcase name="TXPDL_LateFee_DCBuyback" time="0.0" classname="tests.QCStore">
    <ignored/>
  </testcase> <!-- TXPDL_LateFee_DCBuyback -->
</testsuite> <!-- Test -->
